<?xml version="1.0" encoding="UTF-8"?>
<testng-results ignored="0" total="1" passed="1" failed="0" skipped="0">
  <reporter-output>
  </reporter-output>
  <suite started-at="2021-09-25T09:44:29 GMT-04:00" name="Default suite" finished-at="2021-09-25T09:44:34 GMT-04:00" duration-ms="4896">
    <groups>
    </groups>
    <test started-at="2021-09-25T09:44:29 GMT-04:00" name="Default test" finished-at="2021-09-25T09:44:34 GMT-04:00" duration-ms="4896">
      <class name="TestingTekarch">
        <test-method signature="verification()[pri:0, instance:TestingTekarch@69930714]" started-at="2021-09-25T09:44:29 GMT-04:00" name="verification" finished-at="2021-09-25T09:44:34 GMT-04:00" duration-ms="4855" status="PASS">
          <reporter-output>
          </reporter-output>
        </test-method> <!-- verification -->
      </class> <!-- TestingTekarch -->
    </test> <!-- Default test -->
  </suite> <!-- Default suite -->
</testng-results>
