<?xml version="1.0" encoding="UTF-8"?>
<!-- Generated by org.testng.reporters.JUnitXMLReporter -->
<testsuite ignored="0" hostname="Kaushals-MacBook-Pro.local" failures="1" tests="2" name="Test" time="8.936" errors="0" timestamp="2021-09-26T20:48:44 GMT-04:00">
  <testcase classname="com.training.test.login.Logintest" name="validatelogin" time="5.499"/>
  <testcase classname="com.training.test.home.HomeTest" name="validateHome" time="0.003">
    <failure type="java.lang.NullPointerException" message="Cannot invoke &amp;quot;com.training.page.HomePage.enterintoFirstName()&amp;quot; because &amp;quot;this.homepage&amp;quot; is null">
      <![CDATA[java.lang.NullPointerException: Cannot invoke "com.training.page.HomePage.enterintoFirstName()" because "this.homepage" is null
at com.training.test.home.HomeTest.validateHome(HomeTest.java:20)
at java.base/java.util.ArrayList.forEach(ArrayList.java:1511)
... Removed 27 stack frames]]>
    </failure>
  </testcase> <!-- validateHome -->
</testsuite> <!-- Test -->
