<?xml version="1.0" encoding="UTF-8"?>
<testng-results ignored="4" total="5" passed="1" failed="0" skipped="0">
  <reporter-output>
  </reporter-output>
  <suite started-at="2021-11-05T22:26:07 GMT-04:00" name="Default suite" finished-at="2021-11-05T22:26:24 GMT-04:00" duration-ms="17618">
    <groups>
    </groups>
    <test started-at="2021-11-05T22:26:07 GMT-04:00" name="Default test" finished-at="2021-11-05T22:26:24 GMT-04:00" duration-ms="17618">
      <class name="com.training.test.lead.LeadTest">
        <test-method is-config="true" signature="beforetest()[pri:0, instance:com.training.test.lead.LeadTest@197d671]" started-at="2021-11-05T22:26:07 GMT-04:00" name="beforetest" finished-at="2021-11-05T22:26:17 GMT-04:00" duration-ms="10362" status="PASS">
          <reporter-output>
          </reporter-output>
        </test-method> <!-- beforetest -->
        <test-method signature="CreatOpportunity()[pri:0, instance:com.training.test.lead.LeadTest@197d671]" started-at="2021-11-05T22:26:17 GMT-04:00" name="CreatOpportunity" description="Tc-21; Lead Link" finished-at="2021-11-05T22:26:24 GMT-04:00" duration-ms="7189" status="PASS">
          <reporter-output>
          </reporter-output>
        </test-method> <!-- CreatOpportunity -->
      </class> <!-- com.training.test.lead.LeadTest -->
    </test> <!-- Default test -->
  </suite> <!-- Default suite -->
</testng-results>
