<?xml version="1.0" encoding="UTF-8"?>
<testng-results ignored="0" total="1" passed="1" failed="0" skipped="0">
  <reporter-output>
  </reporter-output>
  <suite started-at="2021-09-22T11:23:02 GMT-04:00" name="Default suite" finished-at="2021-09-22T11:23:07 GMT-04:00" duration-ms="4690">
    <groups>
    </groups>
    <test started-at="2021-09-22T11:23:02 GMT-04:00" name="Default test" finished-at="2021-09-22T11:23:07 GMT-04:00" duration-ms="4690">
      <class name="com.training.testcases.robotClass">
        <test-method signature="verification()[pri:0, instance:com.training.testcases.robotClass@7fc229ab]" started-at="2021-09-22T11:23:02 GMT-04:00" name="verification" finished-at="2021-09-22T11:23:07 GMT-04:00" duration-ms="4626" status="PASS">
          <reporter-output>
          </reporter-output>
        </test-method> <!-- verification -->
      </class> <!-- com.training.testcases.robotClass -->
    </test> <!-- Default test -->
  </suite> <!-- Default suite -->
</testng-results>
