<?xml version="1.0" encoding="UTF-8"?>
<!-- Generated by org.testng.reporters.JUnitXMLReporter -->
<testsuite ignored="4" hostname="Kaushals-MacBook-Pro.local" failures="0" tests="1" name="Default test" time="17.618" errors="0" timestamp="2021-11-05T22:26:29 GMT-04:00">
  <testcase classname="com.training.test.lead.LeadTest" name="CreatOpportunity" time="7.189"/>
  <testcase classname="com.training.test.lead.LeadTest" name="Lead" time="0.0">
    <ignored/>
  </testcase> <!-- Lead -->
  <testcase classname="com.training.test.lead.LeadTest" name="ReportView" time="0.0">
    <ignored/>
  </testcase> <!-- ReportView -->
  <testcase classname="com.training.test.lead.LeadTest" name="CreateNewLead" time="0.0">
    <ignored/>
  </testcase> <!-- CreateNewLead -->
  <testcase classname="com.training.test.lead.LeadTest" name="TodaysLead" time="0.0">
    <ignored/>
  </testcase> <!-- TodaysLead -->
</testsuite> <!-- Default test -->
