<?xml version="1.0" encoding="UTF-8"?>
<!-- Generated by org.testng.reporters.JUnitXMLReporter -->
<testsuite ignored="0" hostname="Kaushals-MacBook-Pro.local" failures="0" tests="3" name="Smoke" time="0.107" errors="0" timestamp="2021-09-21T22:43:37 GMT-04:00">
  <testcase classname="salesforceTestng.DemoClasswithMethods" name="methodTwo" time="0.011"/>
  <testcase classname="salesforceTestng.DemoClasswithMethods" name="methOdone" time="0.002"/>
  <testcase classname="salesforceTestng.SalesforceTestngTest1" name="message" time="0.011"/>
</testsuite> <!-- Smoke -->
