<?xml version="1.0" encoding="UTF-8"?>
<!-- Generated by org.testng.reporters.JUnitXMLReporter -->
<testsuite ignored="1" hostname="Kaushals-MacBook-Pro.local" failures="0" tests="4" name="Test" time="28.046" errors="0" timestamp="2021-09-21T17:48:42 GMT-04:00">
  <testcase classname="salesforceTestng.MethodsForTestingSF" name="InvalidCredential" time="5.217"/>
  <testcase classname="salesforceTestng.MethodsForTestingSF" name="LoginwithoutPassword" time="4.472"/>
  <testcase classname="salesforceTestng.MethodsForTestingSF" name="Validlogin" time="7.647"/>
  <testcase classname="com.training.testcases.robotClass" name="verification" time="10.64"/>
  <testcase classname="salesforceTestng.MethodsForTestingSF" name="RememberMe" time="0.0">
    <ignored/>
  </testcase> <!-- RememberMe -->
</testsuite> <!-- Test -->
