<?xml version="1.0" encoding="UTF-8"?>
<!-- Generated by org.testng.reporters.JUnitXMLReporter -->
<testsuite ignored="1" hostname="Kaushals-MacBook-Pro.local" failures="0" tests="1" name="Default test" time="8.918" errors="0" timestamp="30 Oct 2021 19:46:38 GMT">
  <testcase classname="restapi.ApiAutomation" name="validateGetData" time="8.876"/>
  <testcase classname="restapi.ApiAutomation" name="validateLogin" time="0.0">
    <ignored/>
  </testcase> <!-- validateLogin -->
</testsuite> <!-- Default test -->
